<?xml version="1.0" encoding="UTF-8"?>
<testsuite name="Программа обработки файлов XML" tests="3" skipped="0" failures="0" errors="0" timestamp="2022-08-03T06:28:32" hostname="DESKTOP-N90FMJV" time="0.103">
  <properties/>
  <testcase name="проверяем файл с данными в одном порядке" classname="ParseXMLTest" time="0.04"/>
  <testcase name="проверяем файл с некоректными данными" classname="ParseXMLTest" time="0.015"/>
  <testcase name="проверяем файл с данными в разном порядке" classname="ParseXMLTest" time="0.041"/>
  <system-out><![CDATA[Формат данных неверный
city = 67 должна быть строка
street = Барыши, местечко должна быть строка
house = Балаково должно быть число
floor = 2 должно быть число
]]></system-out>
  <system-err><![CDATA[]]></system-err>
</testsuite>
